#
# There is insufficient memory for the Java Runtime Environment to continue.
# Native memory allocation (mmap) failed to map 134217728 bytes for Failed to commit area from 0x0000000081a00000 to 0x0000000089a00000 of length 134217728.
# Possible reasons:
#   The system is out of physical RAM or swap space
#   The process is running with CompressedOops enabled, and the Java Heap may be blocking the growth of the native heap
# Possible solutions:
#   Reduce memory load on the system
#   Increase physical memory or swap space
#   Check if swap backing store is full
#   Decrease Java heap size (-Xmx/-Xms)
#   Decrease number of Java threads
#   Decrease Java thread stack sizes (-Xss)
#   Set larger code cache with -XX:ReservedCodeCacheSize=
# This output file may be truncated or incomplete.
#
#  Out of Memory Error (./src/hotspot/os/windows/os_windows.cpp:3303), pid=10564, tid=12088
#
# JRE version:  (11.0.8+10) (build )
# Java VM: OpenJDK 64-Bit Server VM (11.0.8+10-b944.31, mixed mode, sharing, tiered, compressed oops, g1 gc, windows-amd64)
# No core dump will be written. Minidumps are not enabled by default on client versions of Windows
#

---------------  S U M M A R Y ------------

Command Line: org.jetbrains.git4idea.http.GitAskPassApp Username for 'https://github.com': 

Host: Intel(R) Core(TM) i5-8265U CPU @ 1.60GHz, 8 cores, 7G,  Windows 10 , 64 bit Build 19041 (10.0.19041.1348)
Time: Mon Nov 15 14:56:18 2021 Jerusalem Standard Time elapsed time: 0 seconds (0d 0h 0m 0s)

---------------  T H R E A D  ---------------

Current thread (0x000001994a33c000):  JavaThread "Unknown thread" [_thread_in_vm, id=12088, stack(0x0000007eca400000,0x0000007eca500000)]

Stack: [0x0000007eca400000,0x0000007eca500000]
Native frames: (J=compiled Java code, j=interpreted, Vv=VM code, C=native code)
V  [jvm.dll+0x5de35a]
V  [jvm.dll+0x712355]
V  [jvm.dll+0x7138ad]
V  [jvm.dll+0x713f63]
V  [jvm.dll+0x23e628]
V  [jvm.dll+0x5db804]
V  [jvm.dll+0x5d0925]
V  [jvm.dll+0x2faf9b]
V  [jvm.dll+0x2faf0a]
V  [jvm.dll+0x2fade2]
V  [jvm.dll+0x2ffcb6]
V  [jvm.dll+0x3483a3]
V  [jvm.dll+0x348aa6]
V  [jvm.dll+0x3484a3]
V  [jvm.dll+0x2d5be8]
V  [jvm.dll+0x2d6d87]
V  [jvm.dll+0x6f10e7]
V  [jvm.dll+0x6f28dc]
V  [jvm.dll+0x3558f9]
V  [jvm.dll+0x6d492e]
V  [jvm.dll+0x3bdad3]
V  [jvm.dll+0x3bfd01]
C  [jli.dll+0x5373]
C  [ucrtbase.dll+0x21bb2]
C  [KERNEL32.DLL+0x17034]
C  [ntdll.dll+0x52651]


---------------  P R O C E S S  ---------------

Threads class SMR info:
_java_thread_list=0x00000199481136a0, length=0, elements={
}

Java Threads: ( => current thread )

Other Threads:
  0x000001994a353000 GCTaskThread "GC Thread#0" [stack: 0x0000007eca500000,0x0000007eca600000] [id=15988]
  0x000001994a384800 ConcurrentGCThread "G1 Main Marker" [stack: 0x0000007eca600000,0x0000007eca700000] [id=3732]
  0x000001994a386800 ConcurrentGCThread "G1 Conc#0" [stack: 0x0000007eca700000,0x0000007eca800000] [id=5556]

[error occurred during error reporting (printing all threads), id 0xc0000005, EXCEPTION_ACCESS_VIOLATION (0xc0000005) at pc=0x00007ffbd65060c7]

VM state:not at safepoint (not fully initialized)

VM Mutex/Monitor currently owned by a thread:  ([mutex/lock_event])
[0x000001994a337e70] Heap_lock - owner thread: 0x000001994a33c000

Heap address: 0x0000000081a00000, size: 2022 MB, Compressed Oops mode: Non-zero based: 0x0000000081a00000
Narrow klass base: 0x0000000000000000, Narrow klass shift: 0

GC Heap History (0 events):
No events

Deoptimization events (0 events):
No events

Classes redefined (0 events):
No events

Internal exceptions (0 events):
No events

Events (1 events):
Event: 0.020 Loaded shared library C:\Program Files\JetBrains\CLion 2020.2.3\jbr\bin\zip.dll


Dynamic libraries:
0x00007ff6988f0000 - 0x00007ff6988fa000 	C:\Program Files\JetBrains\CLion 2020.2.3\jbr\bin\java.exe
0x00007ffc51410000 - 0x00007ffc51605000 	C:\WINDOWS\SYSTEM32\ntdll.dll
0x00007ffc50870000 - 0x00007ffc5092e000 	C:\WINDOWS\System32\KERNEL32.DLL
0x00007ffc4ec80000 - 0x00007ffc4ef48000 	C:\WINDOWS\System32\KERNELBASE.dll
0x00007ffc4f1f0000 - 0x00007ffc4f2f0000 	C:\WINDOWS\System32\ucrtbase.dll
0x00007ffc48050000 - 0x00007ffc48069000 	C:\Program Files\JetBrains\CLion 2020.2.3\jbr\bin\jli.dll
0x00007ffc47f50000 - 0x00007ffc47f67000 	C:\Program Files\JetBrains\CLion 2020.2.3\jbr\bin\VCRUNTIME140.dll
0x00007ffc4f990000 - 0x00007ffc4fb31000 	C:\WINDOWS\System32\USER32.dll
0x00007ffc4f400000 - 0x00007ffc4f422000 	C:\WINDOWS\System32\win32u.dll
0x00007ffc3bd50000 - 0x00007ffc3bfea000 	C:\WINDOWS\WinSxS\amd64_microsoft.windows.common-controls_6595b64144ccf1df_6.0.19041.1110_none_60b5254171f9507e\COMCTL32.dll
0x00007ffc513a0000 - 0x00007ffc513cb000 	C:\WINDOWS\System32\GDI32.dll
0x00007ffc4ff30000 - 0x00007ffc4ffce000 	C:\WINDOWS\System32\msvcrt.dll
0x00007ffc4f2f0000 - 0x00007ffc4f3fb000 	C:\WINDOWS\System32\gdi32full.dll
0x00007ffc4eb30000 - 0x00007ffc4ebcd000 	C:\WINDOWS\System32\msvcp_win.dll
0x00007ffc50710000 - 0x00007ffc50740000 	C:\WINDOWS\System32\IMM32.DLL
0x00007ffc1c610000 - 0x00007ffc1c6ad000 	C:\Program Files\JetBrains\CLion 2020.2.3\jbr\bin\msvcp140.dll
0x00007ffbd6220000 - 0x00007ffbd6cdd000 	C:\Program Files\JetBrains\CLion 2020.2.3\jbr\bin\server\jvm.dll
0x00007ffc4fb40000 - 0x00007ffc4fbec000 	C:\WINDOWS\System32\ADVAPI32.dll
0x00007ffc507d0000 - 0x00007ffc5086b000 	C:\WINDOWS\System32\sechost.dll
0x00007ffc4fd40000 - 0x00007ffc4fe6a000 	C:\WINDOWS\System32\RPCRT4.dll
0x00007ffc50930000 - 0x00007ffc50938000 	C:\WINDOWS\System32\PSAPI.DLL
0x00007ffc4b110000 - 0x00007ffc4b119000 	C:\WINDOWS\SYSTEM32\WSOCK32.dll
0x00007ffc299d0000 - 0x00007ffc299f7000 	C:\WINDOWS\SYSTEM32\WINMM.dll
0x00007ffc4fbf0000 - 0x00007ffc4fc5b000 	C:\WINDOWS\System32\WS2_32.dll
0x00007ffc470d0000 - 0x00007ffc470da000 	C:\WINDOWS\SYSTEM32\VERSION.dll
0x00007ffc4d400000 - 0x00007ffc4d412000 	C:\WINDOWS\SYSTEM32\kernel.appcore.dll
0x00007ffc334f0000 - 0x00007ffc33501000 	C:\Program Files\JetBrains\CLion 2020.2.3\jbr\bin\verify.dll
0x00007ffc4c940000 - 0x00007ffc4cb24000 	C:\WINDOWS\SYSTEM32\DBGHELP.DLL
0x00007ffc33e30000 - 0x00007ffc33e5c000 	C:\WINDOWS\SYSTEM32\dbgcore.DLL
0x00007ffc4f0b0000 - 0x00007ffc4f133000 	C:\WINDOWS\System32\bcryptPrimitives.dll
0x00007ffc334c0000 - 0x00007ffc334e9000 	C:\Program Files\JetBrains\CLion 2020.2.3\jbr\bin\java.dll
0x00007ffc48040000 - 0x00007ffc4804b000 	C:\Program Files\JetBrains\CLion 2020.2.3\jbr\bin\jimage.dll
0x00007ffc334a0000 - 0x00007ffc334b8000 	C:\Program Files\JetBrains\CLion 2020.2.3\jbr\bin\zip.dll

dbghelp: loaded successfully - version: 4.0.5 - missing functions: none
symbol engine: initialized successfully - sym options: 0x614 - pdb path: .;C:\Program Files\JetBrains\CLion 2020.2.3\jbr\bin;C:\WINDOWS\SYSTEM32;C:\WINDOWS\WinSxS\amd64_microsoft.windows.common-controls_6595b64144ccf1df_6.0.19041.1110_none_60b5254171f9507e;C:\Program Files\JetBrains\CLion 2020.2.3\jbr\bin\server

VM Arguments:
java_command: org.jetbrains.git4idea.http.GitAskPassApp Username for 'https://github.com': 
java_class_path (initial): C:/Program Files/JetBrains/CLion 2020.2.3/plugins/git4idea/lib/git4idea-rt.jar;C:/Program Files/JetBrains/CLion 2020.2.3/lib/xmlrpc-2.0.1.jar;C:/Program Files/JetBrains/CLion 2020.2.3/lib/commons-codec-1.14.jar
Launcher Type: SUN_STANDARD

[Global flags]
     intx CICompilerCount                          = 4                                         {product} {ergonomic}
     uint ConcGCThreads                            = 2                                         {product} {ergonomic}
     uint G1ConcRefinementThreads                  = 8                                         {product} {ergonomic}
   size_t G1HeapRegionSize                         = 1048576                                   {product} {ergonomic}
    uintx GCDrainStackTargetSize                   = 64                                        {product} {ergonomic}
   size_t InitialHeapSize                          = 134217728                                 {product} {ergonomic}
   size_t MarkStackSize                            = 4194304                                   {product} {ergonomic}
   size_t MaxHeapSize                              = 2120220672                                {product} {ergonomic}
   size_t MinHeapDeltaBytes                        = 1048576                                   {product} {ergonomic}
    uintx NonNMethodCodeHeapSize                   = 5836300                                {pd product} {ergonomic}
    uintx NonProfiledCodeHeapSize                  = 122910970                              {pd product} {ergonomic}
    uintx ProfiledCodeHeapSize                     = 122910970                              {pd product} {ergonomic}
    uintx ReservedCodeCacheSize                    = 251658240                              {pd product} {ergonomic}
     bool SegmentedCodeCache                       = true                                      {product} {ergonomic}
     bool UseCompressedClassPointers               = true                                 {lp64_product} {ergonomic}
     bool UseCompressedOops                        = true                                 {lp64_product} {ergonomic}
     bool UseG1GC                                  = true                                      {product} {ergonomic}
     bool UseLargePagesIndividualAllocation        = false                                  {pd product} {ergonomic}

Logging:
Log output configuration:
 #0: stdout all=warning uptime,level,tags
 #1: stderr all=off uptime,level,tags

Environment Variables:
PATH=C:\Program Files\Git\mingw64\libexec\git-core;C:\Program Files\Git\mingw64\libexec\git-core;C:\Program Files\Git\mingw64\bin;C:\Program Files\Git\usr\bin;C:\Users\Reut Dayan\bin;C:\Program Files (x86)\VMware\VMware Player\bin;C:\Program Files (x86)\Intel\Intel(R) Management Engine Components\iCLS;C:\Program Files\Intel\Intel(R) Management Engine Components\iCLS;C:\WINDOWS\system32;C:\WINDOWS;C:\WINDOWS\System32\Wbem;C:\WINDOWS\System32\WindowsPowerShell\v1.0;C:\WINDOWS\System32\OpenSSH;C:\Program Files (x86)\Intel\Intel(R) Management Engine Components\DAL;C:\Program Files\Intel\Intel(R) Management Engine Components\DAL;C:\Users\Reut Dayan\AppData\Local\Programs\Python\Python36;C:\Users\Reut Dayan\AppData\Local\Programs\Python\Python36\Scripts;C:\MinGW\bin;C:\MinGW\msys\1.0\bin;C:\Program Files\dotnet;C:\Program Files\Microsoft SQL Server\130\Tools\Binn;C:\Program Files\Java\jdk-15.0.2\bin;C:\Program Files\Git\cmd;C:\Program Files\MATLAB\R2021a\bin;C:\Users\Reut Dayan\AppData\Local\Programs\Python\Python38-32\Scripts;C:\Users\Reut Dayan\AppData\Local\Microsoft\WindowsApps;C:\Users\Reut Dayan\AppData\Local\Programs\Microsoft VS Code\bin;C:\Users\Reut Dayan\.dotnet\tools;C:\Program Files\JetBrains\IntelliJ IDEA 2020.3.2\bin;C:\Users\Reut Dayan\apache-ant-1.10.9\bin;C:\Users\Reut Dayan\AppData\Local\gitkraken\bin
USERNAME=Reut Dayan
DISPLAY=:0.0
LC_ALL=en_US.UTF-8
OS=Windows_NT
PROCESSOR_IDENTIFIER=Intel64 Family 6 Model 142 Stepping 11, GenuineIntel



---------------  S Y S T E M  ---------------

OS: Windows 10 , 64 bit Build 19041 (10.0.19041.1348)
OS uptime: 0 days 17:58 hours

CPU:total 8 (initial active 8) (4 cores per cpu, 2 threads per core) family 6 model 142 stepping 11, cmov, cx8, fxsr, mmx, sse, sse2, sse3, ssse3, sse4.1, sse4.2, popcnt, avx, avx2, aes, clmul, erms, 3dnowpref, lzcnt, ht, tsc, tscinvbit, bmi1, bmi2, adx, fma

Memory: 4k page, system-wide physical 8080M (582M free)
TotalPageFile size 8080M (AvailPageFile size 125M)
current process WorkingSet (physical memory assigned to process): 10M, peak: 10M
current process commit charge ("private bytes"): 59M, peak: 187M

vm_info: OpenJDK 64-Bit Server VM (11.0.8+10-b944.31) for windows-amd64 JRE (11.0.8+10-b944.31), built on Aug  6 2020 12:27:04 by "" with MS VC++ 14.0 (VS2015)

END.
